<?xml version="1.0" encoding="UTF-8"?>
<!-- Generated by org.testng.reporters.JUnitXMLReporter -->
<testsuite ignored="0" hostname="LAPTOP-F7OO9IRC" failures="0" tests="6" name="Default test" time="13.794" errors="0" timestamp="2025-05-02T16:56:43 IST">
  <testcase classname="Task.dropp" name="selectCountry" time="1.12"/>
  <testcase classname="Task.dropp" name="selectCountry" time="1.135"/>
  <testcase classname="Task.dropp" name="selectCountry" time="1.072"/>
  <testcase classname="Task.dropp" name="selectCountry" time="1.177"/>
  <testcase classname="Task.dropp" name="selectCountry" time="1.144"/>
  <testcase classname="Task.dropp" name="selectCountry" time="1.148"/>
</testsuite> <!-- Default test -->
