<?xml version="1.0" encoding="UTF-8"?>
<!-- Generated by org.testng.reporters.JUnitXMLReporter -->
<testsuite ignored="0" hostname="LAPTOP-F7OO9IRC" failures="0" tests="3" name="Test" time="0.057" errors="0" timestamp="2025-04-08T21:37:45 IST">
  <testcase classname="TTestcases.Testcase1" name="Openapp" time="0.008"/>
  <testcase classname="TTestcases.Testcase1" name="Login" time="0.002"/>
  <testcase classname="TTestcases.Testcase1" name="Loginout" time="0.002"/>
</testsuite> <!-- Test -->
