<?xml version="1.0" encoding="UTF-8"?>
<testng-results ignored="0" total="1" passed="1" failed="0" skipped="0">
  <reporter-output>
  </reporter-output>
  <suite started-at="2025-04-09T10:53:08 IST" name="Default suite" finished-at="2025-04-09T10:53:08 IST" duration-ms="49">
    <groups>
    </groups>
    <test started-at="2025-04-09T10:53:08 IST" name="Default test" finished-at="2025-04-09T10:53:08 IST" duration-ms="49">
      <class name="log">
        <test-method signature="bbb()[pri:0, instance:log@b3ca52e]" started-at="2025-04-09T10:53:08 IST" name="bbb" finished-at="2025-04-09T10:53:08 IST" duration-ms="9" status="PASS">
          <reporter-output>
          </reporter-output>
        </test-method> <!-- bbb -->
      </class> <!-- log -->
    </test> <!-- Default test -->
  </suite> <!-- Default suite -->
</testng-results>
