<?xml version="1.0" encoding="UTF-8"?>
<testng-results ignored="0" total="6" passed="6" failed="0" skipped="0">
  <reporter-output>
  </reporter-output>
  <suite started-at="2025-05-02T16:56:30 IST" name="Default suite" finished-at="2025-05-02T16:56:43 IST" duration-ms="13794">
    <groups>
    </groups>
    <test started-at="2025-05-02T16:56:30 IST" name="Default test" finished-at="2025-05-02T16:56:43 IST" duration-ms="13794">
      <class name="Task.dropp">
        <test-method is-config="true" signature="setup()[pri:0, instance:Task.dropp@6e509ffa]" started-at="2025-05-02T16:56:30 IST" name="setup" finished-at="2025-05-02T16:56:36 IST" duration-ms="6367" status="PASS">
          <reporter-output>
          </reporter-output>
        </test-method> <!-- setup -->
        <test-method signature="selectCountry(java.lang.String)[pri:0, instance:Task.dropp@6e509ffa]" started-at="2025-05-02T16:56:36 IST" name="selectCountry" data-provider="countryData" finished-at="2025-05-02T16:56:37 IST" duration-ms="1120" status="PASS">
          <params>
            <param index="0">
              <value>
                <![CDATA[India]]>
              </value>
            </param>
          </params>
          <reporter-output>
          </reporter-output>
        </test-method> <!-- selectCountry -->
        <test-method signature="selectCountry(java.lang.String)[pri:0, instance:Task.dropp@6e509ffa]" started-at="2025-05-02T16:56:37 IST" name="selectCountry" data-provider="countryData" finished-at="2025-05-02T16:56:38 IST" duration-ms="1135" status="PASS">
          <params>
            <param index="0">
              <value>
                <![CDATA[Australia]]>
              </value>
            </param>
          </params>
          <reporter-output>
          </reporter-output>
        </test-method> <!-- selectCountry -->
        <test-method signature="selectCountry(java.lang.String)[pri:0, instance:Task.dropp@6e509ffa]" started-at="2025-05-02T16:56:38 IST" name="selectCountry" data-provider="countryData" finished-at="2025-05-02T16:56:39 IST" duration-ms="1072" status="PASS">
          <params>
            <param index="0">
              <value>
                <![CDATA[United States]]>
              </value>
            </param>
          </params>
          <reporter-output>
          </reporter-output>
        </test-method> <!-- selectCountry -->
        <test-method signature="selectCountry(java.lang.String)[pri:0, instance:Task.dropp@6e509ffa]" started-at="2025-05-02T16:56:39 IST" name="selectCountry" data-provider="countryData" finished-at="2025-05-02T16:56:40 IST" duration-ms="1177" status="PASS">
          <params>
            <param index="0">
              <value>
                <![CDATA[New Zealand]]>
              </value>
            </param>
          </params>
          <reporter-output>
          </reporter-output>
        </test-method> <!-- selectCountry -->
        <test-method signature="selectCountry(java.lang.String)[pri:0, instance:Task.dropp@6e509ffa]" started-at="2025-05-02T16:56:40 IST" name="selectCountry" data-provider="countryData" finished-at="2025-05-02T16:56:42 IST" duration-ms="1144" status="PASS">
          <params>
            <param index="0">
              <value>
                <![CDATA[Japan]]>
              </value>
            </param>
          </params>
          <reporter-output>
          </reporter-output>
        </test-method> <!-- selectCountry -->
        <test-method signature="selectCountry(java.lang.String)[pri:0, instance:Task.dropp@6e509ffa]" started-at="2025-05-02T16:56:42 IST" name="selectCountry" data-provider="countryData" finished-at="2025-05-02T16:56:43 IST" duration-ms="1148" status="PASS">
          <params>
            <param index="0">
              <value>
                <![CDATA[American Samoa]]>
              </value>
            </param>
          </params>
          <reporter-output>
          </reporter-output>
        </test-method> <!-- selectCountry -->
        <test-method is-config="true" signature="quit()[pri:0, instance:Task.dropp@6e509ffa]" started-at="2025-05-02T16:56:43 IST" name="quit" finished-at="2025-05-02T16:56:43 IST" duration-ms="580" status="PASS">
          <reporter-output>
          </reporter-output>
        </test-method> <!-- quit -->
      </class> <!-- Task.dropp -->
    </test> <!-- Default test -->
  </suite> <!-- Default suite -->
</testng-results>
